<?xml version="1.0" encoding="UTF-8"?>
<testsuite name="io.reflectoring.buckpal.adapter.out.persistence.AccountPersistenceAdapterTest" tests="2" skipped="0" failures="0" errors="0" timestamp="2026-02-16T05:52:22" hostname="javadev" time="0.054">
  <properties/>
  <testcase name="loadsAccount()" classname="io.reflectoring.buckpal.adapter.out.persistence.AccountPersistenceAdapterTest" time="0.023"/>
  <testcase name="updatesActivities()" classname="io.reflectoring.buckpal.adapter.out.persistence.AccountPersistenceAdapterTest" time="0.031"/>
  <system-out><![CDATA[2026-02-16T05:52:22.568Z  INFO 57343 --- [    Test worker] t.c.s.AnnotationConfigContextLoaderUtils : Could not detect default configuration classes for test class [io.reflectoring.buckpal.adapter.out.persistence.AccountPersistenceAdapterTest]: AccountPersistenceAdapterTest does not declare any static, non-private, non-final, nested classes annotated with @Configuration.
2026-02-16T05:52:22.597Z  INFO 57343 --- [    Test worker] .b.t.c.SpringBootTestContextBootstrapper : Found @SpringBootConfiguration io.reflectoring.buckpal.BuckPalApplication for test class io.reflectoring.buckpal.adapter.out.persistence.AccountPersistenceAdapterTest

  .   ____          _            __ _ _
 /\\ / ___'_ __ _ _(_)_ __  __ _ \ \ \ \
( ( )\___ | '_ | '_| | '_ \/ _` | \ \ \ \
 \\/  ___)| |_)| | | | | || (_| |  ) ) ) )
  '  |____| .__|_| |_|_| |_\__, | / / / /
 =========|_|==============|___/=/_/_/_/
 :: Spring Boot ::                (v3.1.0)

2026-02-16T05:52:22.627Z  INFO 57343 --- [    Test worker] .r.b.a.o.p.AccountPersistenceAdapterTest : Starting AccountPersistenceAdapterTest using Java 17.0.18 with PID 57343 (started by coder in /workspaces/java/buckpal-hexagonal)
2026-02-16T05:52:22.628Z  INFO 57343 --- [    Test worker] .r.b.a.o.p.AccountPersistenceAdapterTest : No active profile set, falling back to 1 default profile: "default"
2026-02-16T05:52:22.771Z  INFO 57343 --- [    Test worker] .s.d.r.c.RepositoryConfigurationDelegate : Bootstrapping Spring Data JPA repositories in DEFAULT mode.
2026-02-16T05:52:22.799Z  INFO 57343 --- [    Test worker] .s.d.r.c.RepositoryConfigurationDelegate : Finished Spring Data repository scanning in 28 ms. Found 2 JPA repository interfaces.
2026-02-16T05:52:22.809Z  INFO 57343 --- [    Test worker] beddedDataSourceBeanFactoryPostProcessor : Replacing 'dataSource' DataSource bean with embedded version
2026-02-16T05:52:22.825Z  INFO 57343 --- [    Test worker] o.s.j.d.e.EmbeddedDatabaseFactory        : Starting embedded database: url='jdbc:h2:mem:2852e462-1c57-4103-ad4e-989e1480b077;DB_CLOSE_DELAY=-1;DB_CLOSE_ON_EXIT=false', username='sa'
2026-02-16T05:52:22.848Z  INFO 57343 --- [    Test worker] o.hibernate.jpa.internal.util.LogHelper  : HHH000204: Processing PersistenceUnitInfo [name: default]
2026-02-16T05:52:22.863Z  INFO 57343 --- [    Test worker] o.h.b.i.BytecodeProviderInitiator        : HHH000021: Bytecode provider name : bytebuddy
2026-02-16T05:52:22.863Z  INFO 57343 --- [    Test worker] o.s.o.j.p.SpringPersistenceUnitInfo      : No LoadTimeWeaver setup: ignoring JPA class transformer
2026-02-16T05:52:22.865Z  INFO 57343 --- [    Test worker] org.hibernate.orm.dialect                : HHH035001: Using dialect: org.hibernate.dialect.H2Dialect, version: 2.1.214
2026-02-16T05:52:22.877Z  INFO 57343 --- [    Test worker] o.h.b.i.BytecodeProviderInitiator        : HHH000021: Bytecode provider name : bytebuddy
2026-02-16T05:52:22.908Z  INFO 57343 --- [    Test worker] o.h.e.t.j.p.i.JtaPlatformInitiator       : HHH000490: Using JtaPlatform implementation: [org.hibernate.engine.transaction.jta.platform.internal.NoJtaPlatform]
Hibernate: create table account (id bigint not null, baseline_balance bigint, primary key (id))
Hibernate: create table activity (id bigint not null, amount bigint, owner_account_id bigint, source_account_id bigint, target_account_id bigint, timestamp timestamp(6), primary key (id))
Hibernate: create sequence account_seq start with 1 increment by 50
Hibernate: create sequence activity_seq start with 1 increment by 50
2026-02-16T05:52:22.911Z  INFO 57343 --- [    Test worker] j.LocalContainerEntityManagerFactoryBean : Initialized JPA EntityManagerFactory for persistence unit 'default'
2026-02-16T05:52:22.958Z  INFO 57343 --- [    Test worker] .r.b.a.o.p.AccountPersistenceAdapterTest : Started AccountPersistenceAdapterTest in 0.356 seconds (process running for 9.449)
Hibernate: select a1_0.id,a1_0.baseline_balance from account a1_0 where a1_0.id=?
Hibernate: select a1_0.id,a1_0.amount,a1_0.owner_account_id,a1_0.source_account_id,a1_0.target_account_id,a1_0.timestamp from activity a1_0 where a1_0.owner_account_id=?
Hibernate: select next value for activity_seq
Hibernate: insert into activity (amount,owner_account_id,source_account_id,target_account_id,timestamp,id) values (?,?,?,?,?,?)
Hibernate: select count(*) from activity a1_0
Hibernate: select a1_0.id,a1_0.amount,a1_0.owner_account_id,a1_0.source_account_id,a1_0.target_account_id,a1_0.timestamp from activity a1_0
]]></system-out>
  <system-err><![CDATA[]]></system-err>
</testsuite>
