<?xml version="1.0" encoding="UTF-8"?>
<testsuite name="io.reflectoring.buckpal.BuckPalApplicationTests" tests="1" skipped="0" failures="0" errors="0" timestamp="2026-02-16T05:52:18" hostname="javadev" time="0.434">
  <properties/>
  <testcase name="contextLoads()" classname="io.reflectoring.buckpal.BuckPalApplicationTests" time="0.434"/>
  <system-out><![CDATA[05:52:14.087 [Test worker] INFO org.springframework.test.context.support.AnnotationConfigContextLoaderUtils -- Could not detect default configuration classes for test class [io.reflectoring.buckpal.BuckPalApplicationTests]: BuckPalApplicationTests does not declare any static, non-private, non-final, nested classes annotated with @Configuration.
05:52:14.175 [Test worker] INFO org.springframework.boot.test.context.SpringBootTestContextBootstrapper -- Found @SpringBootConfiguration io.reflectoring.buckpal.BuckPalApplication for test class io.reflectoring.buckpal.BuckPalApplicationTests

  .   ____          _            __ _ _
 /\\ / ___'_ __ _ _(_)_ __  __ _ \ \ \ \
( ( )\___ | '_ | '_| | '_ \/ _` | \ \ \ \
 \\/  ___)| |_)| | | | | || (_| |  ) ) ) )
  '  |____| .__|_| |_|_| |_\__, | / / / /
 =========|_|==============|___/=/_/_/_/
 :: Spring Boot ::                (v3.1.0)

2026-02-16T05:52:14.545Z  INFO 57343 --- [    Test worker] i.r.buckpal.BuckPalApplicationTests      : Starting BuckPalApplicationTests using Java 17.0.18 with PID 57343 (started by coder in /workspaces/java/buckpal-hexagonal)
2026-02-16T05:52:14.546Z  INFO 57343 --- [    Test worker] i.r.buckpal.BuckPalApplicationTests      : No active profile set, falling back to 1 default profile: "default"
2026-02-16T05:52:15.305Z  INFO 57343 --- [    Test worker] .s.d.r.c.RepositoryConfigurationDelegate : Bootstrapping Spring Data JPA repositories in DEFAULT mode.
2026-02-16T05:52:15.382Z  INFO 57343 --- [    Test worker] .s.d.r.c.RepositoryConfigurationDelegate : Finished Spring Data repository scanning in 69 ms. Found 2 JPA repository interfaces.
2026-02-16T05:52:15.712Z  INFO 57343 --- [    Test worker] o.hibernate.jpa.internal.util.LogHelper  : HHH000204: Processing PersistenceUnitInfo [name: default]
2026-02-16T05:52:15.774Z  INFO 57343 --- [    Test worker] org.hibernate.Version                    : HHH000412: Hibernate ORM core version 6.2.2.Final
2026-02-16T05:52:15.777Z  INFO 57343 --- [    Test worker] org.hibernate.cfg.Environment            : HHH000406: Using bytecode reflection optimizer
2026-02-16T05:52:15.922Z  INFO 57343 --- [    Test worker] o.h.b.i.BytecodeProviderInitiator        : HHH000021: Bytecode provider name : bytebuddy
2026-02-16T05:52:16.053Z  INFO 57343 --- [    Test worker] o.s.o.j.p.SpringPersistenceUnitInfo      : No LoadTimeWeaver setup: ignoring JPA class transformer
2026-02-16T05:52:16.068Z  INFO 57343 --- [    Test worker] com.zaxxer.hikari.HikariDataSource       : HikariPool-1 - Starting...
2026-02-16T05:52:16.226Z  INFO 57343 --- [    Test worker] com.zaxxer.hikari.pool.HikariPool        : HikariPool-1 - Added connection conn0: url=jdbc:h2:mem:db user=SA
2026-02-16T05:52:16.228Z  INFO 57343 --- [    Test worker] com.zaxxer.hikari.HikariDataSource       : HikariPool-1 - Start completed.
2026-02-16T05:52:16.249Z  INFO 57343 --- [    Test worker] org.hibernate.orm.dialect                : HHH035001: Using dialect: org.hibernate.dialect.H2Dialect, version: 2.1.214
2026-02-16T05:52:16.451Z  INFO 57343 --- [    Test worker] o.h.b.i.BytecodeProviderInitiator        : HHH000021: Bytecode provider name : bytebuddy
2026-02-16T05:52:17.019Z  INFO 57343 --- [    Test worker] o.h.e.t.j.p.i.JtaPlatformInitiator       : HHH000490: Using JtaPlatform implementation: [org.hibernate.engine.transaction.jta.platform.internal.NoJtaPlatform]
2026-02-16T05:52:17.053Z  INFO 57343 --- [    Test worker] j.LocalContainerEntityManagerFactoryBean : Initialized JPA EntityManagerFactory for persistence unit 'default'
2026-02-16T05:52:17.272Z  INFO 57343 --- [    Test worker] o.s.d.j.r.query.QueryEnhancerFactory     : Hibernate is in classpath; If applicable, HQL parser will be used.
2026-02-16T05:52:17.717Z  WARN 57343 --- [    Test worker] JpaBaseConfiguration$JpaWebConfiguration : spring.jpa.open-in-view is enabled by default. Therefore, database queries may be performed during view rendering. Explicitly configure spring.jpa.open-in-view to disable this warning
2026-02-16T05:52:17.901Z  INFO 57343 --- [    Test worker] o.s.b.a.w.s.WelcomePageHandlerMapping    : Adding welcome page: class path resource [static/index.html]
2026-02-16T05:52:18.003Z  INFO 57343 --- [    Test worker] o.s.b.a.h2.H2ConsoleAutoConfiguration    : H2 console available at '/h2-console'. Database available at 'jdbc:h2:mem:db'
2026-02-16T05:52:18.035Z  INFO 57343 --- [    Test worker] i.r.buckpal.BuckPalApplicationTests      : Started BuckPalApplicationTests in 3.733 seconds (process running for 4.526)
]]></system-out>
  <system-err><![CDATA[]]></system-err>
</testsuite>
