<?xml version="1.0" encoding="UTF-8"?>
<testsuite name="io.reflectoring.buckpal.adapter.in.web.AccountSendMoneyControllerTest" tests="1" skipped="0" failures="0" errors="0" timestamp="2026-02-16T05:52:22" hostname="javadev" time="0.073">
  <properties/>
  <testcase name="testSendMoney()" classname="io.reflectoring.buckpal.adapter.in.web.AccountSendMoneyControllerTest" time="0.073"/>
  <system-out><![CDATA[2026-02-16T05:52:22.057Z  INFO 57343 --- [    Test worker] t.c.s.AnnotationConfigContextLoaderUtils : Could not detect default configuration classes for test class [io.reflectoring.buckpal.adapter.in.web.AccountSendMoneyControllerTest]: AccountSendMoneyControllerTest does not declare any static, non-private, non-final, nested classes annotated with @Configuration.
2026-02-16T05:52:22.093Z  INFO 57343 --- [    Test worker] .b.t.c.SpringBootTestContextBootstrapper : Found @SpringBootConfiguration io.reflectoring.buckpal.BuckPalApplication for test class io.reflectoring.buckpal.adapter.in.web.AccountSendMoneyControllerTest

  .   ____          _            __ _ _
 /\\ / ___'_ __ _ _(_)_ __  __ _ \ \ \ \
( ( )\___ | '_ | '_| | '_ \/ _` | \ \ \ \
 \\/  ___)| |_)| | | | | || (_| |  ) ) ) )
  '  |____| .__|_| |_|_| |_\__, | / / / /
 =========|_|==============|___/=/_/_/_/
 :: Spring Boot ::                (v3.1.0)

2026-02-16T05:52:22.115Z  INFO 57343 --- [    Test worker] r.b.a.i.w.AccountSendMoneyControllerTest : Starting AccountSendMoneyControllerTest using Java 17.0.18 with PID 57343 (started by coder in /workspaces/java/buckpal-hexagonal)
2026-02-16T05:52:22.115Z  INFO 57343 --- [    Test worker] r.b.a.i.w.AccountSendMoneyControllerTest : No active profile set, falling back to 1 default profile: "default"
2026-02-16T05:52:22.458Z  INFO 57343 --- [    Test worker] o.s.b.a.w.s.WelcomePageHandlerMapping    : Adding welcome page: class path resource [static/index.html]
2026-02-16T05:52:22.479Z  INFO 57343 --- [    Test worker] o.s.b.t.m.w.SpringBootMockServletContext : Initializing Spring TestDispatcherServlet ''
2026-02-16T05:52:22.480Z  INFO 57343 --- [    Test worker] o.s.t.web.servlet.TestDispatcherServlet  : Initializing Servlet ''
2026-02-16T05:52:22.480Z  INFO 57343 --- [    Test worker] o.s.t.web.servlet.TestDispatcherServlet  : Completed initialization in 0 ms
2026-02-16T05:52:22.486Z  INFO 57343 --- [    Test worker] r.b.a.i.w.AccountSendMoneyControllerTest : Started AccountSendMoneyControllerTest in 0.391 seconds (process running for 8.977)
]]></system-out>
  <system-err><![CDATA[]]></system-err>
</testsuite>
