<?xml version="1.0" encoding="UTF-8"?>
<testsuite name="io.reflectoring.buckpal.application.domain.service.AccountSendMoneyServiceTest" tests="2" skipped="0" failures="0" errors="0" timestamp="2026-02-16T05:52:23" hostname="javadev" time="0.097">
  <properties/>
  <testcase name="transactionSucceeds()" classname="io.reflectoring.buckpal.application.domain.service.AccountSendMoneyServiceTest" time="0.083"/>
  <testcase name="givenWithdrawalFails_thenOnlySourceAccountIsLockedAndReleased()" classname="io.reflectoring.buckpal.application.domain.service.AccountSendMoneyServiceTest" time="0.007"/>
  <system-out><![CDATA[]]></system-out>
  <system-err><![CDATA[]]></system-err>
</testsuite>
