<?xml version="1.0" encoding="UTF-8"?>
<testsuite name="io.reflectoring.buckpal.application.domain.AccountTest" tests="4" skipped="0" failures="0" errors="0" timestamp="2026-02-16T05:52:23" hostname="javadev" time="0.002">
  <properties/>
  <testcase name="calculatesBalance()" classname="io.reflectoring.buckpal.application.domain.AccountTest" time="0.0"/>
  <testcase name="depositSuccess()" classname="io.reflectoring.buckpal.application.domain.AccountTest" time="0.001"/>
  <testcase name="withdrawalFailure()" classname="io.reflectoring.buckpal.application.domain.AccountTest" time="0.001"/>
  <testcase name="withdrawalSucceeds()" classname="io.reflectoring.buckpal.application.domain.AccountTest" time="0.0"/>
  <system-out><![CDATA[]]></system-out>
  <system-err><![CDATA[]]></system-err>
</testsuite>
