<?xml version="1.0" encoding="UTF-8"?>
<testsuite name="io.reflectoring.buckpal.SendMoneySystemTest" tests="1" skipped="0" failures="0" errors="0" timestamp="2026-02-16T05:52:21" hostname="javadev" time="0.452">
  <properties/>
  <testcase name="sendMoney()" classname="io.reflectoring.buckpal.SendMoneySystemTest" time="0.452"/>
  <system-out><![CDATA[2026-02-16T05:52:20.910Z  INFO 57343 --- [    Test worker] t.c.s.AnnotationConfigContextLoaderUtils : Could not detect default configuration classes for test class [io.reflectoring.buckpal.SendMoneySystemTest]: SendMoneySystemTest does not declare any static, non-private, non-final, nested classes annotated with @Configuration.
2026-02-16T05:52:20.911Z  INFO 57343 --- [    Test worker] .b.t.c.SpringBootTestContextBootstrapper : Found @SpringBootConfiguration io.reflectoring.buckpal.BuckPalApplication for test class io.reflectoring.buckpal.SendMoneySystemTest

  .   ____          _            __ _ _
 /\\ / ___'_ __ _ _(_)_ __  __ _ \ \ \ \
( ( )\___ | '_ | '_| | '_ \/ _` | \ \ \ \
 \\/  ___)| |_)| | | | | || (_| |  ) ) ) )
  '  |____| .__|_| |_|_| |_\__, | / / / /
 =========|_|==============|___/=/_/_/_/
 :: Spring Boot ::                (v3.1.0)

2026-02-16T05:52:20.939Z  INFO 57343 --- [    Test worker] i.r.buckpal.SendMoneySystemTest          : Starting SendMoneySystemTest using Java 17.0.18 with PID 57343 (started by coder in /workspaces/java/buckpal-hexagonal)
2026-02-16T05:52:20.939Z  INFO 57343 --- [    Test worker] i.r.buckpal.SendMoneySystemTest          : No active profile set, falling back to 1 default profile: "default"
2026-02-16T05:52:21.113Z  INFO 57343 --- [    Test worker] .s.d.r.c.RepositoryConfigurationDelegate : Bootstrapping Spring Data JPA repositories in DEFAULT mode.
2026-02-16T05:52:21.137Z  INFO 57343 --- [    Test worker] .s.d.r.c.RepositoryConfigurationDelegate : Finished Spring Data repository scanning in 22 ms. Found 2 JPA repository interfaces.
2026-02-16T05:52:21.259Z  INFO 57343 --- [    Test worker] o.s.b.w.embedded.tomcat.TomcatWebServer  : Tomcat initialized with port(s): 0 (http)
2026-02-16T05:52:21.268Z  INFO 57343 --- [    Test worker] o.apache.catalina.core.StandardService   : Starting service [Tomcat]
2026-02-16T05:52:21.269Z  INFO 57343 --- [    Test worker] o.apache.catalina.core.StandardEngine    : Starting Servlet engine: [Apache Tomcat/10.1.8]
2026-02-16T05:52:21.337Z  INFO 57343 --- [    Test worker] o.a.c.c.C.[Tomcat].[localhost].[/]       : Initializing Spring embedded WebApplicationContext
2026-02-16T05:52:21.337Z  INFO 57343 --- [    Test worker] w.s.c.ServletWebServerApplicationContext : Root WebApplicationContext: initialization completed in 396 ms
2026-02-16T05:52:21.344Z  INFO 57343 --- [    Test worker] com.zaxxer.hikari.HikariDataSource       : HikariPool-2 - Starting...
2026-02-16T05:52:21.345Z  INFO 57343 --- [    Test worker] com.zaxxer.hikari.pool.HikariPool        : HikariPool-2 - Added connection conn10: url=jdbc:h2:mem:db user=SA
2026-02-16T05:52:21.345Z  INFO 57343 --- [    Test worker] com.zaxxer.hikari.HikariDataSource       : HikariPool-2 - Start completed.
2026-02-16T05:52:21.345Z  INFO 57343 --- [    Test worker] o.s.b.a.h2.H2ConsoleAutoConfiguration    : H2 console available at '/h2-console'. Database available at 'jdbc:h2:mem:db'
2026-02-16T05:52:21.401Z  INFO 57343 --- [    Test worker] o.hibernate.jpa.internal.util.LogHelper  : HHH000204: Processing PersistenceUnitInfo [name: default]
2026-02-16T05:52:21.416Z  INFO 57343 --- [    Test worker] o.h.b.i.BytecodeProviderInitiator        : HHH000021: Bytecode provider name : bytebuddy
2026-02-16T05:52:21.416Z  INFO 57343 --- [    Test worker] o.s.o.j.p.SpringPersistenceUnitInfo      : No LoadTimeWeaver setup: ignoring JPA class transformer
2026-02-16T05:52:21.417Z  INFO 57343 --- [    Test worker] org.hibernate.orm.dialect                : HHH035001: Using dialect: org.hibernate.dialect.H2Dialect, version: 2.1.214
2026-02-16T05:52:21.429Z  INFO 57343 --- [    Test worker] o.h.b.i.BytecodeProviderInitiator        : HHH000021: Bytecode provider name : bytebuddy
2026-02-16T05:52:21.454Z  INFO 57343 --- [    Test worker] o.h.e.t.j.p.i.JtaPlatformInitiator       : HHH000490: Using JtaPlatform implementation: [org.hibernate.engine.transaction.jta.platform.internal.NoJtaPlatform]
2026-02-16T05:52:21.457Z  INFO 57343 --- [    Test worker] j.LocalContainerEntityManagerFactoryBean : Initialized JPA EntityManagerFactory for persistence unit 'default'
2026-02-16T05:52:21.492Z  WARN 57343 --- [    Test worker] JpaBaseConfiguration$JpaWebConfiguration : spring.jpa.open-in-view is enabled by default. Therefore, database queries may be performed during view rendering. Explicitly configure spring.jpa.open-in-view to disable this warning
2026-02-16T05:52:21.529Z  INFO 57343 --- [    Test worker] o.s.b.a.w.s.WelcomePageHandlerMapping    : Adding welcome page: class path resource [static/index.html]
2026-02-16T05:52:21.591Z  INFO 57343 --- [    Test worker] o.s.b.w.embedded.tomcat.TomcatWebServer  : Tomcat started on port(s): 40793 (http) with context path ''
2026-02-16T05:52:21.592Z  INFO 57343 --- [    Test worker] i.r.buckpal.SendMoneySystemTest          : Started SendMoneySystemTest in 0.678 seconds (process running for 8.083)
2026-02-16T05:52:21.824Z  INFO 57343 --- [o-auto-1-exec-1] o.a.c.c.C.[Tomcat].[localhost].[/]       : Initializing Spring DispatcherServlet 'dispatcherServlet'
2026-02-16T05:52:21.825Z  INFO 57343 --- [o-auto-1-exec-1] o.s.web.servlet.DispatcherServlet        : Initializing Servlet 'dispatcherServlet'
2026-02-16T05:52:21.825Z  INFO 57343 --- [o-auto-1-exec-1] o.s.web.servlet.DispatcherServlet        : Completed initialization in 0 ms
]]></system-out>
  <system-err><![CDATA[]]></system-err>
</testsuite>
